<?xml version="1.0" encoding="UTF-8"?>
<!-- Generated by org.testng.reporters.JUnitXMLReporter -->
<testsuite hostname="DESKTOP-EGK43AC" ignored="0" tests="8" failures="0" timestamp="23 Jun 2023 20:14:17 GMT" time="476.37" errors="0">
  <testcase name="clickOnBookSession" time="2.065" classname="TestScript1"/>
  <testcase name="contactUsTest" time="1.013" classname="TestScript2"/>
  <testcase name="JoinOurTeamPageTest" time="8.285" classname="TestScript3"/>
  <testcase name="EnneagramTest" time="99.09" classname="TestScript4"/>
  <testcase name="DiscTest" time="40.452" classname="TestScript5"/>
  <testcase name="TravelBehaviourTest" time="92.422" classname="TestScript6"/>
  <testcase name="ArchetypeTest" time="73.388" classname="TestScript7"/>
  <testcase name="RorschachInkBlotTest" time="40.348" classname="TestScript8"/>
</testsuite>
